<?xml version="1.0" encoding="UTF-8"?>
<testsuite xmlns:xsi="http://www.w3.org/2001/XMLSchema-instance" xsi:noNamespaceSchemaLocation="https://maven.apache.org/surefire/maven-surefire-plugin/xsd/surefire-test-report.xsd" version="3.0.2" name="com.hapms.reporting.ReportingControllerTest" time="2.6" tests="1" errors="0" skipped="0" failures="0">
  <properties>
[...]
</properties>
  <testcase name="testGetAuditTrail" classname="com.hapms.reporting.ReportingControllerTest" time="0.41">
    <system-out><![CDATA[19:21:48.848 [main] INFO org.springframework.test.context.support.AnnotationConfigContextLoaderUtils -- Could not detect default configuration classes for test class [com.hapms.reporting.ReportingControllerTest]: ReportingControllerTest does not declare any static, non-private, non-final, nested classes annotated with @Configuration.
19:21:48.913 [main] INFO org.springframework.boot.test.context.SpringBootTestContextBootstrapper -- Found @SpringBootConfiguration com.hapms.reporting.ReportingServiceApplication for test class com.hapms.reporting.ReportingControllerTest

  .   ____          _            __ _ _
 /\\ / ___'_ __ _ _(_)_ __  __ _ \ \ \ \
( ( )\___ | '_ | '_| | '_ \/ _` | \ \ \ \
 \\/  ___)| |_)| | | | | || (_| |  ) ) ) )
  '  |____| .__|_| |_|_| |_\__, | / / / /
 =========|_|==============|___/=/_/_/_/

 :: Spring Boot ::                (v3.4.0)

2026-06-18T19:21:49.122+05:30  INFO 23368 --- [reporting-service] [           main] c.h.reporting.ReportingControllerTest    : Starting ReportingControllerTest using Java 26.0.1 with PID 23368 (started by neosoft in /Users/neosoft/Documents/HealthCare/backend/reporting-service)
2026-06-18T19:21:49.123+05:30  INFO 23368 --- [reporting-service] [           main] c.h.reporting.ReportingControllerTest    : The following 1 profile is active: "test"
2026-06-18T19:21:49.399+05:30  INFO 23368 --- [reporting-service] [           main] .s.d.r.c.RepositoryConfigurationDelegate : Bootstrapping Spring Data JPA repositories in DEFAULT mode.
2026-06-18T19:21:49.425+05:30  INFO 23368 --- [reporting-service] [           main] .s.d.r.c.RepositoryConfigurationDelegate : Finished Spring Data repository scanning in 21 ms. Found 1 JPA repository interface.
2026-06-18T19:21:49.653+05:30  INFO 23368 --- [reporting-service] [           main] o.hibernate.jpa.internal.util.LogHelper  : HHH000204: Processing PersistenceUnitInfo [name: default]
2026-06-18T19:21:49.680+05:30  INFO 23368 --- [reporting-service] [           main] org.hibernate.Version                    : HHH000412: Hibernate ORM core version 6.6.2.Final
2026-06-18T19:21:49.696+05:30  INFO 23368 --- [reporting-service] [           main] o.h.c.internal.RegionFactoryInitiator    : HHH000026: Second-level cache disabled
2026-06-18T19:21:49.839+05:30  INFO 23368 --- [reporting-service] [           main] o.s.o.j.p.SpringPersistenceUnitInfo      : No LoadTimeWeaver setup: ignoring JPA class transformer
2026-06-18T19:21:49.854+05:30  INFO 23368 --- [reporting-service] [           main] com.zaxxer.hikari.HikariDataSource       : HikariPool-1 - Starting...
2026-06-18T19:21:49.945+05:30  INFO 23368 --- [reporting-service] [           main] com.zaxxer.hikari.pool.HikariPool        : HikariPool-1 - Added connection conn0: url=jdbc:h2:mem:reportingdb user=SA
2026-06-18T19:21:49.946+05:30  INFO 23368 --- [reporting-service] [           main] com.zaxxer.hikari.HikariDataSource       : HikariPool-1 - Start completed.
2026-06-18T19:21:49.960+05:30  WARN 23368 --- [reporting-service] [           main] org.hibernate.orm.deprecation            : HHH90000025: H2Dialect does not need to be specified explicitly using 'hibernate.dialect' (remove the property setting and it will be selected by default)
2026-06-18T19:21:49.971+05:30  INFO 23368 --- [reporting-service] [           main] org.hibernate.orm.connections.pooling    : HHH10001005: Database info:
	Database JDBC URL [Connecting through datasource 'HikariDataSource (HikariPool-1)']
	Database driver: undefined/unknown
	Database version: 2.3.232
	Autocommit mode: undefined/unknown
	Isolation level: undefined/unknown
	Minimum pool size: undefined/unknown
	Maximum pool size: undefined/unknown
2026-06-18T19:21:50.335+05:30  INFO 23368 --- [reporting-service] [           main] o.h.e.t.j.p.i.JtaPlatformInitiator       : HHH000489: No JTA platform available (set 'hibernate.transaction.jta.platform' to enable JTA platform integration)
Hibernate: drop table if exists audit_logs cascade 
Hibernate: create table audit_logs (created_at timestamp(6), id uuid not null, event_data varchar(255), event_type varchar(255), primary key (id))
2026-06-18T19:21:50.350+05:30  INFO 23368 --- [reporting-service] [           main] j.LocalContainerEntityManagerFactoryBean : Initialized JPA EntityManagerFactory for persistence unit 'default'
2026-06-18T19:21:50.541+05:30  WARN 23368 --- [reporting-service] [           main] JpaBaseConfiguration$JpaWebConfiguration : spring.jpa.open-in-view is enabled by default. Therefore, database queries may be performed during view rendering. Explicitly configure spring.jpa.open-in-view to disable this warning
2026-06-18T19:21:50.769+05:30  INFO 23368 --- [reporting-service] [           main] o.s.b.t.m.w.SpringBootMockServletContext : Initializing Spring TestDispatcherServlet ''
2026-06-18T19:21:50.769+05:30  INFO 23368 --- [reporting-service] [           main] o.s.t.web.servlet.TestDispatcherServlet  : Initializing Servlet ''
2026-06-18T19:21:50.770+05:30  INFO 23368 --- [reporting-service] [           main] o.s.t.web.servlet.TestDispatcherServlet  : Completed initialization in 0 ms
2026-06-18T19:21:50.820+05:30  INFO 23368 --- [reporting-service] [           main] o.a.k.clients.consumer.ConsumerConfig    : ConsumerConfig values: 
	allow.auto.create.topics = true
	auto.commit.interval.ms = 5000
	auto.include.jmx.reporter = true
	auto.offset.reset = latest
	bootstrap.servers = [localhost:9092]
	check.crcs = true
	client.dns.lookup = use_all_dns_ips
	client.id = consumer-reporting-group-1
	client.rack = 
	connections.max.idle.ms = 540000
	default.api.timeout.ms = 60000
	enable.auto.commit = false
	enable.metrics.push = true
	exclude.internal.topics = true
	fetch.max.bytes = 52428800
	fetch.max.wait.ms = 500
	fetch.min.bytes = 1
	group.id = reporting-group
	group.instance.id = null
	group.protocol = classic
	group.remote.assignor = null
	heartbeat.interval.ms = 3000
	interceptor.classes = []
	internal.leave.group.on.close = true
	internal.throw.on.fetch.stable.offset.unsupported = false
	isolation.level = read_uncommitted
	key.deserializer = class org.apache.kafka.common.serialization.StringDeserializer
	max.partition.fetch.bytes = 1048576
	max.poll.interval.ms = 300000
	max.poll.records = 500
	metadata.max.age.ms = 300000
	metadata.recovery.strategy = none
	metric.reporters = []
	metrics.num.samples = 2
	metrics.recording.level = INFO
	metrics.sample.window.ms = 30000
	partition.assignment.strategy = [class org.apache.kafka.clients.consumer.RangeAssignor, class org.apache.kafka.clients.consumer.CooperativeStickyAssignor]
	receive.buffer.bytes = 65536
	reconnect.backoff.max.ms = 1000
	reconnect.backoff.ms = 50
	request.timeout.ms = 30000
	retry.backoff.max.ms = 1000
	retry.backoff.ms = 100
	sasl.client.callback.handler.class = null
	sasl.jaas.config = null
	sasl.kerberos.kinit.cmd = /usr/bin/kinit
	sasl.kerberos.min.time.before.relogin = 60000
	sasl.kerberos.service.name = null
	sasl.kerberos.ticket.renew.jitter = 0.05
	sasl.kerberos.ticket.renew.window.factor = 0.8
	sasl.login.callback.handler.class = null
	sasl.login.class = null
	sasl.login.connect.timeout.ms = null
	sasl.login.read.timeout.ms = null
	sasl.login.refresh.buffer.seconds = 300
	sasl.login.refresh.min.period.seconds = 60
	sasl.login.refresh.window.factor = 0.8
	sasl.login.refresh.window.jitter = 0.05
	sasl.login.retry.backoff.max.ms = 10000
	sasl.login.retry.backoff.ms = 100
	sasl.mechanism = GSSAPI
	sasl.oauthbearer.clock.skew.seconds = 30
	sasl.oauthbearer.expected.audience = null
	sasl.oauthbearer.expected.issuer = null
	sasl.oauthbearer.jwks.endpoint.refresh.ms = 3600000
	sasl.oauthbearer.jwks.endpoint.retry.backoff.max.ms = 10000
	sasl.oauthbearer.jwks.endpoint.retry.backoff.ms = 100
	sasl.oauthbearer.jwks.endpoint.url = null
	sasl.oauthbearer.scope.claim.name = scope
	sasl.oauthbearer.sub.claim.name = sub
	sasl.oauthbearer.token.endpoint.url = null
	security.protocol = PLAINTEXT
	security.providers = null
	send.buffer.bytes = 131072
	session.timeout.ms = 45000
	socket.connection.setup.timeout.max.ms = 30000
	socket.connection.setup.timeout.ms = 10000
	ssl.cipher.suites = null
	ssl.enabled.protocols = [TLSv1.2, TLSv1.3]
	ssl.endpoint.identification.algorithm = https
	ssl.engine.factory.class = null
	ssl.key.password = null
	ssl.keymanager.algorithm = SunX509
	ssl.keystore.certificate.chain = null
	ssl.keystore.key = null
	ssl.keystore.location = null
	ssl.keystore.password = null
	ssl.keystore.type = JKS
	ssl.protocol = TLSv1.3
	ssl.provider = null
	ssl.secure.random.implementation = null
	ssl.trustmanager.algorithm = PKIX
	ssl.truststore.certificates = null
	ssl.truststore.location = null
	ssl.truststore.password = null
	ssl.truststore.type = JKS
	value.deserializer = class org.apache.kafka.common.serialization.StringDeserializer

2026-06-18T19:21:50.845+05:30  INFO 23368 --- [reporting-service] [           main] o.a.k.c.t.i.KafkaMetricsCollector        : initializing Kafka metrics collector
2026-06-18T19:21:50.946+05:30  INFO 23368 --- [reporting-service] [           main] o.a.kafka.common.utils.AppInfoParser     : Kafka version: 3.8.1
2026-06-18T19:21:50.946+05:30  INFO 23368 --- [reporting-service] [           main] o.a.kafka.common.utils.AppInfoParser     : Kafka commitId: 70d6ff42debf7e17
2026-06-18T19:21:50.946+05:30  INFO 23368 --- [reporting-service] [           main] o.a.kafka.common.utils.AppInfoParser     : Kafka startTimeMs: 1781790710945
2026-06-18T19:21:50.948+05:30  INFO 23368 --- [reporting-service] [           main] o.a.k.c.c.internals.LegacyKafkaConsumer  : [Consumer clientId=consumer-reporting-group-1, groupId=reporting-group] Subscribed to topic(s): appointment.created, appointment.cancelled, billing.completed, prescription.created
2026-06-18T19:21:50.958+05:30  INFO 23368 --- [reporting-service] [           main] c.h.reporting.ReportingControllerTest    : Started ReportingControllerTest in 1.983 seconds (process running for 2.445)
2026-06-18T19:21:51.062+05:30  INFO 23368 --- [reporting-service] [ntainer#0-0-C-1] org.apache.kafka.clients.NetworkClient   : [Consumer clientId=consumer-reporting-group-1, groupId=reporting-group] Node -1 disconnected.
2026-06-18T19:21:51.063+05:30  WARN 23368 --- [reporting-service] [ntainer#0-0-C-1] org.apache.kafka.clients.NetworkClient   : [Consumer clientId=consumer-reporting-group-1, groupId=reporting-group] Connection to node -1 (localhost/127.0.0.1:9092) could not be established. Node may not be available.
2026-06-18T19:21:51.063+05:30  WARN 23368 --- [reporting-service] [ntainer#0-0-C-1] org.apache.kafka.clients.NetworkClient   : [Consumer clientId=consumer-reporting-group-1, groupId=reporting-group] Bootstrap broker localhost:9092 (id: -1 rack: null) disconnected
2026-06-18T19:21:51.164+05:30  INFO 23368 --- [reporting-service] [ntainer#0-0-C-1] org.apache.kafka.clients.NetworkClient   : [Consumer clientId=consumer-reporting-group-1, groupId=reporting-group] Node -1 disconnected.
2026-06-18T19:21:51.165+05:30  WARN 23368 --- [reporting-service] [ntainer#0-0-C-1] org.apache.kafka.clients.NetworkClient   : [Consumer clientId=consumer-reporting-group-1, groupId=reporting-group] Connection to node -1 (localhost/127.0.0.1:9092) could not be established. Node may not be available.
2026-06-18T19:21:51.165+05:30  WARN 23368 --- [reporting-service] [ntainer#0-0-C-1] org.apache.kafka.clients.NetworkClient   : [Consumer clientId=consumer-reporting-group-1, groupId=reporting-group] Bootstrap broker localhost:9092 (id: -1 rack: null) disconnected
2026-06-18T19:21:51.318+05:30  INFO 23368 --- [reporting-service] [ntainer#0-0-C-1] org.apache.kafka.clients.NetworkClient   : [Consumer clientId=consumer-reporting-group-1, groupId=reporting-group] Node -1 disconnected.
2026-06-18T19:21:51.318+05:30  WARN 23368 --- [reporting-service] [ntainer#0-0-C-1] org.apache.kafka.clients.NetworkClient   : [Consumer clientId=consumer-reporting-group-1, groupId=reporting-group] Connection to node -1 (localhost/127.0.0.1:9092) could not be established. Node may not be available.
2026-06-18T19:21:51.318+05:30  WARN 23368 --- [reporting-service] [ntainer#0-0-C-1] org.apache.kafka.clients.NetworkClient   : [Consumer clientId=consumer-reporting-group-1, groupId=reporting-group] Bootstrap broker localhost:9092 (id: -1 rack: null) disconnected
Hibernate: select al1_0.id,al1_0.created_at,al1_0.event_data,al1_0.event_type from audit_logs al1_0
]]></system-out>
    <system-err><![CDATA[Mockito is currently self-attaching to enable the inline-mock-maker. This will no longer work in future releases of the JDK. Please add Mockito as an agent to your build what is described in Mockito's documentation: https://javadoc.io/doc/org.mockito/mockito-core/latest/org/mockito/Mockito.html#0.3
WARNING: A Java agent has been loaded dynamically (/Users/neosoft/.m2/repository/net/bytebuddy/byte-buddy-agent/1.15.10/byte-buddy-agent-1.15.10.jar)
WARNING: If a serviceability tool is in use, please run with -XX:+EnableDynamicAgentLoading to hide this warning
WARNING: If a serviceability tool is not in use, please run with -Djdk.instrument.traceUsage for more information
WARNING: Dynamic loading of agents will be disallowed by default in a future release
]]></system-err>
  </testcase>
</testsuite>