<?xml version="1.0" encoding="UTF-8"?>
<testsuite xmlns:xsi="http://www.w3.org/2001/XMLSchema-instance" xsi:noNamespaceSchemaLocation="https://maven.apache.org/surefire/maven-surefire-plugin/xsd/surefire-test-report.xsd" version="3.0.2" name="com.hapms.core.controller.PrescriptionControllerTest" time="1.622" tests="1" errors="0" skipped="0" failures="0">
  <properties>
[...]
</properties>
  <testcase name="testGetAllPrescriptions" classname="com.hapms.core.controller.PrescriptionControllerTest" time="0.019">
    <system-out><![CDATA[2026-06-18T19:21:46.381+05:30  INFO 23353 --- [core-business-service] [           main] t.c.s.AnnotationConfigContextLoaderUtils : Could not detect default configuration classes for test class [com.hapms.core.controller.PrescriptionControllerTest]: PrescriptionControllerTest does not declare any static, non-private, non-final, nested classes annotated with @Configuration.
2026-06-18T19:21:46.391+05:30  INFO 23353 --- [core-business-service] [           main] .b.t.c.SpringBootTestContextBootstrapper : Found @SpringBootConfiguration com.hapms.core.CoreServiceApplication for test class com.hapms.core.controller.PrescriptionControllerTest

  .   ____          _            __ _ _
 /\\ / ___'_ __ _ _(_)_ __  __ _ \ \ \ \
( ( )\___ | '_ | '_| | '_ \/ _` | \ \ \ \
 \\/  ___)| |_)| | | | | || (_| |  ) ) ) )
  '  |____| .__|_| |_|_| |_\__, | / / / /
 =========|_|==============|___/=/_/_/_/

 :: Spring Boot ::                (v3.4.0)

2026-06-18T19:21:46.415+05:30  INFO 23353 --- [core-business-service] [           main] c.h.c.c.PrescriptionControllerTest       : Starting PrescriptionControllerTest using Java 26.0.1 with PID 23353 (started by neosoft in /Users/neosoft/Documents/HealthCare/backend/core-business-service)
2026-06-18T19:21:46.415+05:30  INFO 23353 --- [core-business-service] [           main] c.h.c.c.PrescriptionControllerTest       : The following 1 profile is active: "test"
2026-06-18T19:21:46.717+05:30  INFO 23353 --- [core-business-service] [           main] .s.d.r.c.RepositoryConfigurationDelegate : Multiple Spring Data modules found, entering strict repository configuration mode
2026-06-18T19:21:46.717+05:30  INFO 23353 --- [core-business-service] [           main] .s.d.r.c.RepositoryConfigurationDelegate : Bootstrapping Spring Data JPA repositories in DEFAULT mode.
2026-06-18T19:21:46.727+05:30  INFO 23353 --- [core-business-service] [           main] .s.d.r.c.RepositoryConfigurationDelegate : Finished Spring Data repository scanning in 9 ms. Found 7 JPA repository interfaces.
2026-06-18T19:21:46.737+05:30  INFO 23353 --- [core-business-service] [           main] .s.d.r.c.RepositoryConfigurationDelegate : Multiple Spring Data modules found, entering strict repository configuration mode
2026-06-18T19:21:46.737+05:30  INFO 23353 --- [core-business-service] [           main] .s.d.r.c.RepositoryConfigurationDelegate : Bootstrapping Spring Data Redis repositories in DEFAULT mode.
2026-06-18T19:21:46.745+05:30  INFO 23353 --- [core-business-service] [           main] .RepositoryConfigurationExtensionSupport : Spring Data Redis - Could not safely identify store assignment for repository candidate interface com.hapms.core.repository.AppointmentRepository; If you want this repository to be a Redis repository, consider annotating your entities with one of these annotations: org.springframework.data.redis.core.RedisHash (preferred), or consider extending one of the following types with your repository: org.springframework.data.keyvalue.repository.KeyValueRepository
2026-06-18T19:21:46.745+05:30  INFO 23353 --- [core-business-service] [           main] .RepositoryConfigurationExtensionSupport : Spring Data Redis - Could not safely identify store assignment for repository candidate interface com.hapms.core.repository.AppointmentSlotRepository; If you want this repository to be a Redis repository, consider annotating your entities with one of these annotations: org.springframework.data.redis.core.RedisHash (preferred), or consider extending one of the following types with your repository: org.springframework.data.keyvalue.repository.KeyValueRepository
2026-06-18T19:21:46.746+05:30  INFO 23353 --- [core-business-service] [           main] .RepositoryConfigurationExtensionSupport : Spring Data Redis - Could not safely identify store assignment for repository candidate interface com.hapms.core.repository.BillingRepository; If you want this repository to be a Redis repository, consider annotating your entities with one of these annotations: org.springframework.data.redis.core.RedisHash (preferred), or consider extending one of the following types with your repository: org.springframework.data.keyvalue.repository.KeyValueRepository
2026-06-18T19:21:46.746+05:30  INFO 23353 --- [core-business-service] [           main] .RepositoryConfigurationExtensionSupport : Spring Data Redis - Could not safely identify store assignment for repository candidate interface com.hapms.core.repository.DepartmentRepository; If you want this repository to be a Redis repository, consider annotating your entities with one of these annotations: org.springframework.data.redis.core.RedisHash (preferred), or consider extending one of the following types with your repository: org.springframework.data.keyvalue.repository.KeyValueRepository
2026-06-18T19:21:46.746+05:30  INFO 23353 --- [core-business-service] [           main] .RepositoryConfigurationExtensionSupport : Spring Data Redis - Could not safely identify store assignment for repository candidate interface com.hapms.core.repository.DoctorRepository; If you want this repository to be a Redis repository, consider annotating your entities with one of these annotations: org.springframework.data.redis.core.RedisHash (preferred), or consider extending one of the following types with your repository: org.springframework.data.keyvalue.repository.KeyValueRepository
2026-06-18T19:21:46.746+05:30  INFO 23353 --- [core-business-service] [           main] .RepositoryConfigurationExtensionSupport : Spring Data Redis - Could not safely identify store assignment for repository candidate interface com.hapms.core.repository.PatientRepository; If you want this repository to be a Redis repository, consider annotating your entities with one of these annotations: org.springframework.data.redis.core.RedisHash (preferred), or consider extending one of the following types with your repository: org.springframework.data.keyvalue.repository.KeyValueRepository
2026-06-18T19:21:46.746+05:30  INFO 23353 --- [core-business-service] [           main] .RepositoryConfigurationExtensionSupport : Spring Data Redis - Could not safely identify store assignment for repository candidate interface com.hapms.core.repository.PrescriptionRepository; If you want this repository to be a Redis repository, consider annotating your entities with one of these annotations: org.springframework.data.redis.core.RedisHash (preferred), or consider extending one of the following types with your repository: org.springframework.data.keyvalue.repository.KeyValueRepository
2026-06-18T19:21:46.746+05:30  INFO 23353 --- [core-business-service] [           main] .s.d.r.c.RepositoryConfigurationDelegate : Finished Spring Data repository scanning in 3 ms. Found 0 Redis repository interfaces.
2026-06-18T19:21:46.917+05:30  INFO 23353 --- [core-business-service] [           main] o.hibernate.jpa.internal.util.LogHelper  : HHH000204: Processing PersistenceUnitInfo [name: default]
2026-06-18T19:21:46.918+05:30  INFO 23353 --- [core-business-service] [           main] o.h.c.internal.RegionFactoryInitiator    : HHH000026: Second-level cache disabled
2026-06-18T19:21:46.922+05:30  INFO 23353 --- [core-business-service] [           main] o.s.o.j.p.SpringPersistenceUnitInfo      : No LoadTimeWeaver setup: ignoring JPA class transformer
2026-06-18T19:21:46.923+05:30  INFO 23353 --- [core-business-service] [           main] com.zaxxer.hikari.HikariDataSource       : HikariPool-1 - Starting...
2026-06-18T19:21:46.929+05:30  INFO 23353 --- [core-business-service] [           main] com.zaxxer.hikari.pool.HikariPool        : HikariPool-1 - Added connection conn5: url=jdbc:h2:mem:testdb user=SA
2026-06-18T19:21:46.930+05:30  INFO 23353 --- [core-business-service] [           main] com.zaxxer.hikari.HikariDataSource       : HikariPool-1 - Start completed.
2026-06-18T19:21:46.933+05:30  WARN 23353 --- [core-business-service] [           main] org.hibernate.orm.deprecation            : HHH90000025: H2Dialect does not need to be specified explicitly using 'hibernate.dialect' (remove the property setting and it will be selected by default)
2026-06-18T19:21:46.936+05:30  INFO 23353 --- [core-business-service] [           main] org.hibernate.orm.connections.pooling    : HHH10001005: Database info:
	Database JDBC URL [Connecting through datasource 'HikariDataSource (HikariPool-1)']
	Database driver: undefined/unknown
	Database version: 2.3.232
	Autocommit mode: undefined/unknown
	Isolation level: undefined/unknown
	Minimum pool size: undefined/unknown
	Maximum pool size: undefined/unknown
2026-06-18T19:21:47.016+05:30  INFO 23353 --- [core-business-service] [           main] o.h.e.t.j.p.i.JtaPlatformInitiator       : HHH000489: No JTA platform available (set 'hibernate.transaction.jta.platform' to enable JTA platform integration)
Hibernate: drop table if exists appointment_slots cascade 
Hibernate: drop table if exists appointments cascade 
Hibernate: drop table if exists billing cascade 
Hibernate: drop table if exists departments cascade 
Hibernate: drop table if exists doctors cascade 
Hibernate: drop table if exists patients cascade 
Hibernate: drop table if exists prescriptions cascade 
Hibernate: create table appointment_slots (end_time time(6) not null, slot_date date not null, start_time time(6) not null, version integer, doctor_id uuid not null, id uuid not null, status varchar(255) not null, primary key (id))
Hibernate: create table appointments (appointment_date date not null, end_time time(6) not null, start_time time(6) not null, version integer, checked_in_at timestamp(6), completed_at timestamp(6), created_at timestamp(6), started_at timestamp(6), department_id uuid not null, doctor_id uuid not null, id uuid not null, patient_id uuid not null, notes varchar(255), qr_code varchar(255), reason varchar(255), status varchar(255) not null, type varchar(255) not null, primary key (id))
Hibernate: create table billing (discount numeric(38,2), insurance_adj numeric(38,2), subtotal numeric(38,2) not null, tax numeric(38,2), total_due numeric(38,2) not null, version integer, created_at timestamp(6), paid_at timestamp(6), appointment_id uuid not null, id uuid not null, patient_id uuid not null, payment_method varchar(255), status varchar(255) not null, line_items json not null, primary key (id))
Hibernate: create table departments (id uuid not null, description varchar(255), name varchar(255) not null unique, primary key (id))
Hibernate: create table doctors (consultation_fee numeric(38,2) not null, experience_years integer, version integer, created_at timestamp(6), department_id uuid not null, id uuid not null, user_id uuid, email varchar(255), first_name varchar(255), last_name varchar(255), license_number varchar(255) not null unique, qualification varchar(255), specialty varchar(255) not null, status varchar(255) not null, primary key (id))
Hibernate: create table patients (date_of_birth date not null, version integer, created_at timestamp(6), id uuid not null, user_id uuid, blood_group varchar(255), contact_number varchar(255), email varchar(255), first_name varchar(255), gender varchar(255) not null, last_name varchar(255), mrn varchar(255) not null unique, allergies json, emergency_contact json, insurance json, primary key (id))
Hibernate: create table prescriptions (version integer, created_at timestamp(6), appointment_id uuid not null, doctor_id uuid not null, id uuid not null, patient_id uuid not null, interaction_status varchar(255), status varchar(255) not null, version_chain varchar(255), diagnosis json, medications json, primary key (id))
Hibernate: alter table if exists appointment_slots add constraint FKndehqtdq1a94ja5ej6xs482kd foreign key (doctor_id) references doctors
Hibernate: alter table if exists appointments add constraint FK7s6sk12lb7298bm0j92j4cdgg foreign key (department_id) references departments
Hibernate: alter table if exists appointments add constraint FKmujeo4tymoo98cmf7uj3vsv76 foreign key (doctor_id) references doctors
Hibernate: alter table if exists appointments add constraint FK8exap5wmg8kmb1g1rx3by21yt foreign key (patient_id) references patients
Hibernate: alter table if exists billing add constraint FKvq1tb92o0n9vtd63yem1il0l foreign key (appointment_id) references appointments
Hibernate: alter table if exists billing add constraint FK15os5xwj7asqxdkkpgo5dowby foreign key (patient_id) references patients
Hibernate: alter table if exists doctors add constraint FKl2mro81neln9topymd898urh1 foreign key (department_id) references departments
Hibernate: alter table if exists prescriptions add constraint FKe2fpvlkkcgcd40k4ufyyju2al foreign key (appointment_id) references appointments
Hibernate: alter table if exists prescriptions add constraint FK24chc88e4so7cd6melh11rv6 foreign key (doctor_id) references doctors
Hibernate: alter table if exists prescriptions add constraint FKqydyol76jn1o37k1bdbkjgq74 foreign key (patient_id) references patients
2026-06-18T19:21:47.031+05:30  INFO 23353 --- [core-business-service] [           main] j.LocalContainerEntityManagerFactoryBean : Initialized JPA EntityManagerFactory for persistence unit 'default'
2026-06-18T19:21:47.311+05:30  WARN 23353 --- [core-business-service] [           main] JpaBaseConfiguration$JpaWebConfiguration : spring.jpa.open-in-view is enabled by default. Therefore, database queries may be performed during view rendering. Explicitly configure spring.jpa.open-in-view to disable this warning
2026-06-18T19:21:47.963+05:30  INFO 23353 --- [core-business-service] [           main] o.s.b.t.m.w.SpringBootMockServletContext : Initializing Spring TestDispatcherServlet ''
2026-06-18T19:21:47.964+05:30  INFO 23353 --- [core-business-service] [           main] o.s.t.web.servlet.TestDispatcherServlet  : Initializing Servlet ''
2026-06-18T19:21:47.964+05:30  INFO 23353 --- [core-business-service] [           main] o.s.t.web.servlet.TestDispatcherServlet  : Completed initialization in 0 ms
2026-06-18T19:21:47.978+05:30  INFO 23353 --- [core-business-service] [           main] c.h.c.c.PrescriptionControllerTest       : Started PrescriptionControllerTest in 1.58 seconds (process running for 3.957)
2026-06-18T19:21:47.997+05:30  WARN 23353 --- [core-business-service] [           main] .w.s.m.s.DefaultHandlerExceptionResolver : Resolved [org.springframework.web.HttpRequestMethodNotSupportedException: Request method 'GET' is not supported]
]]></system-out>
  </testcase>
</testsuite>